<?xml version="1.0" encoding="UTF-8"?>
<testsuites name="jest tests" tests="2" failures="0" time="2.819">
  <testsuite name="undefined" errors="0" failures="0" skipped="0" timestamp="2022-07-21T15:04:18" time="1.763" tests="2">
    <testcase classname=" App renders correctly" name=" App renders correctly" time="0.03">
    </testcase>
    <testcase classname=" Switching between slides works as expected" name=" Switching between slides works as expected" time="0.04">
    </testcase>
  </testsuite>
</testsuites>